12:38:03 AMWednesday, November 16, 2022  Removed KV Hash:  70DEFD59
12:38:03 AMWednesday, November 16, 2022  Removed KV Hash:  6252E033
12:38:03 AMWednesday, November 16, 2022  Removed KV Hash:  D8207021
02:45:04 AMSunday, November 20, 2022  Removed KV Hash:  1C18A6C1
02:45:06 AMSaturday, December 17, 2022  Removed KV Hash:  2A9E2EBA
02:45:06 AMSaturday, December 17, 2022  Removed KV Hash:  1C18A6C1
07:53:34 AMWednesday, December 28, 2022  Removed KV Hash:  6252E033
07:53:34 AMWednesday, December 28, 2022  Removed KV Hash:  D8207021
08:37:04 AMWednesday, December 28, 2022  Removed KV Hash:  6252E033
08:37:04 AMWednesday, December 28, 2022  Removed KV Hash:  D8207021
10:50:19 AMWednesday, December 28, 2022  Removed KV Hash:  6252E033
10:50:19 AMWednesday, December 28, 2022  Removed KV Hash:  D8207021
10:57:50 AMWednesday, December 28, 2022  Removed KV Hash:  6252E033
10:57:50 AMWednesday, December 28, 2022  Removed KV Hash:  D8207021
12:39:58 AMSaturday, December 31, 2022  Removed KV Hash:  6252E033
12:39:58 AMSaturday, December 31, 2022  Removed KV Hash:  D8207021
02:45:04 AMFriday, January 13, 2023 Error! Unable to check KV Hash:  1C18A6C1
02:45:02 AMFriday, February 24, 2023 Error! Unable to check KV Hash:  1C18A6C1
02:45:06 AMSaturday, February 25, 2023 Error! Unable to check KV Hash:  1C18A6C1
02:45:03 AMMonday, March 20, 2023 Error! Unable to check KV Hash:  1C18A6C1
12:09:07 PMTuesday, March 28, 2023  Removed KV Hash:  6252E033
12:09:07 PMTuesday, March 28, 2023  Removed KV Hash:  D8207021
11:44:35 PMWednesday, March 29, 2023 Error! Unable to check KV Hash:  1C18A6C1
04:27:56 PMThursday, April 6, 2023 Error! Unable to check KV Hash:  1C18A6C1
